0 27.429065000000001362
2 27.419546000000000419
4 27.516086999999998852
6 27.558248999999999995
8 27.55621500000000168
10 27.65560999999999936
12 27.825617999999998631
14 28.107555999999998875
16 28.528755000000000308
18 28.626967000000000496
20 28.699692999999999898
22 28.827670000000001238
24 28.962384000000000128
26 28.949813999999999936
28 29.025984000000001117
30 29.19351999999999947
32 29.417260999999999882
34 29.643208000000001334
36 29.761058999999999486
38 29.830538000000000665
40 29.875983999999998986
42 29.911526999999999532
44 29.961961999999999762
46 29.979043999999998249
48 30.011807999999998486
50 30.042609999999999815
52 30.008057999999998344
54 30.00710899999999981
56 29.931062000000000722
58 29.870271999999999935
60 29.88658799999999971
62 29.885076999999999003
64 29.868186999999998932
66 29.889192000000001315
68 29.893739000000000061
