0 27.367088999999999999
2 27.355116999999999905
4 27.492097999999998592
6 27.588224000000000302
8 27.64014399999999938
10 27.744454000000001059
12 27.870736000000000843
14 27.934004000000001611
16 28.101386999999999006
18 28.258064000000000959
20 28.487462999999998203
22 28.614640999999998883
24 28.659168999999998562
26 28.639618999999999716
28 28.594920999999999367
30 28.615173999999999666
32 28.807175000000000864
34 28.941427000000000902
36 28.950091000000000463
38 28.964997000000000327
40 28.946159000000001527
42 28.932849000000000927
44 28.870530999999999722
46 28.77615600000000029
48 28.587149000000000143
50 28.44410299999999836
52 28.283566000000000429
54 28.126681999999998851
56 28.002231999999999346
58 27.910579999999999501
60 27.832125999999998811
62 27.598096000000001737
64 27.481445000000000789
66 27.435031999999999641
68 27.450540000000000163
