0 27.392063000000000272
2 27.342130000000000933
4 27.382865999999999929
6 27.493628000000001066
8 27.508272000000001611
10 27.627843999999999625
12 27.750907999999999021
14 27.906219000000000108
16 28.088460999999998791
18 28.392692000000000263
20 28.807425999999999533
22 29.203831000000000984
24 29.477129999999998944
26 29.558019000000001597
28 29.63197500000000062
30 29.761055999999999955
32 30.140271999999999508
34 30.729686000000000945
36 30.905310000000000059
38 31.069717000000000695
40 31.195615000000000094
42 31.271999999999998465
44 31.336003999999999081
46 31.28575400000000073
48 31.146126999999999896
50 31.0654590000000006
52 30.952472000000000207
54 30.813189999999998747
56 30.714634000000000214
58 30.630272999999998973
60 30.557817000000000007
62 30.269480999999998971
64 30.168499000000000621
66 30.137806999999998681
68 30.13601200000000091
