300 -79876.413371450646082
350 -21421.750125228019897
400 -13200.496125678970202
450 -7220.8822234209283124
500 -5717.4035088887922029
550 -4258.9800338429577096
600 -3564.3577908541001307
650 -3046.0226686414221149
700 -2655.6704943482077397
750 -2427.5253339484725075
800 -2182.2901109154609003
850 -2071.4682821224087093
900 -1904.3429642198982492
950 -1849.2622436656959053
1000 -1730.6370412580511129
1050 -1696.1755360064289562
1100 -1625.6754254261984443
1150 -1587.1919377422782418
1200 -1547.6572650582475035
1250 -1508.1739655668841351
1300 -1484.7187275971716645
1350 -1446.3106360531401151
1400 -1434.6744106439537063
1450 -1403.0891551031243125
1500 -1395.5923662888296803
1550 -1374.2346787890846826
1600 -1362.1591936373436056
1650 -1348.0896750561123554
1700 -1334.3098745411753043
1750 -1325.5977459589296359
1800 -1310.8293377517470617
1850 -1306.1212909806260996
1900 -1291.7610449364033229
1950 -1290.1401504784689678
