50 -24756.782172436222027
100 -7010.0818298422282169
150 -1823.2722387284009073
200 -1821.6639718173069014
250 -1317.1605904791265402
300 -1425.6879064748795827
350 -1191.1251987143059523
400 -1299.6569092154709324
450 -1160.4924442547649051
500 -1242.7558765877924998
550 -1187.7315419101071257
600 -1206.7609710387921496
650 -1193.1520422658659299
700 -1183.296143184141556
750 -1187.4874027205673883
800 -1166.8158934030370801
850 -1180.1388131154171788
900 -1156.2145153060525899
950 -1174.5725616635029382
1000 -1151.6539952454475042
1050 -1167.4638388120756645
1100 -1157.7756633535650508
1150 -1161.0581147569287168
1200 -1161.6218321455760361
1250 -1156.5797475336039497
1300 -1161.529791671119483
1350 -1151.3585868261043288
1400 -1160.2435443510289588
1450 -1150.7639858299799016
1500 -1159.4376408863577126
1550 -1154.6949929903562406
1600 -1157.0378747227757685
1650 -1155.7429604614560503
1700 -1154.4899160711427157
1750 -1155.7899572554424594
1800 -1151.9037496363469018
1850 -1155.1750927065863834
1900 -1150.1721924345354182
1950 -1155.0018759516078717
