0 283.83442400000001271
4 287.86300099999999702
10 291.02671500000002425
12 293.49175600000000941
14 318.27810099999999238
16 334.51111500000001797
20 327.81501300000002175
22 337.27704199999999446
26 339.74913099999997712
28 340.367416999999989
30 341.72865699999999833
34 350.47021499999999605
36 348.16228499999999713
40 347.88220999999998639
44 348.27344199999998864
46 346.56550299999997833
48 345.50739099999998416
50 342.07343300000002273
52 340.06448699999998553
54 341.55433399999998301
58 343.73291899999998122
60 340.53116699999998218
62 337.39128499999998212
64 332.96362699999997403
66 342.4108009999999922
68 337.52019699999999602
