0 283.71904799999998659
2 283.39445499999999356
4 281.60793899999998757
6 280.04037599999998065
8 280.8079670000000192
10 283.2197439999999915
12 286.26298200000002225
14 291.0958219999999983
16 295.97052600000000666
18 300.91413299999999253
20 304.63528500000001031
22 309.7852139999999963
24 312.40488199999998642
26 313.0489650000000097
28 313.38009099999999307
30 313.15240999999997484
32 313.38797299999998813
34 313.73764499999998634
36 314.16518800000000056
38 314.46933400000000347
40 314.71098399999999629
42 314.84781500000002552
44 314.76092899999997599
46 314.68006400000001577
48 314.68076400000001058
50 314.56287099999997281
52 314.52453500000001441
54 314.34917500000000246
56 314.11916400000001204
58 314.05270300000000816
60 313.91518800000000056
62 313.70404700000000275
64 313.4661389999999983
66 313.29337800000001835
68 313.16619100000002618
