0 283.23507899999998472
2 282.90034600000001319
4 281.00254599999999527
6 278.51580400000000282
8 279.0761529999999766
10 280.80653699999999162
12 283.04609499999997979
14 285.92770000000001573
16 289.94751600000000735
18 292.78194300000001249
20 294.80218200000001616
22 296.06743899999997893
24 297.55135799999999335
26 297.89155499999998256
28 297.87889599999999746
30 297.92121100000002798
32 298.07856600000002345
34 298.48374699999999393
36 298.68218200000001161
38 298.75327499999997372
40 298.99792500000000928
42 298.83431000000001632
44 298.88624299999997902
46 298.62244199999997818
48 298.50571999999999662
50 298.18345399999998335
52 297.70129400000001851
54 297.44371200000000499
56 297.15855599999997594
58 296.70920300000000225
60 295.53769699999998011
62 292.96227699999997185
64 288.50608899999997448
66 285.2117799999999761
68 283.5932070000000067
