0 11.321766000000000219
2 11.31637100000000018
4 11.431547000000000125
6 11.512667000000000428
8 11.516908000000000811
10 11.526804000000000272
12 11.54997000000000007
14 11.598535999999999291
16 11.668260999999999328
18 11.744507999999999726
20 11.869808000000000803
22 11.963390999999999664
24 12.044280000000000541
26 12.120741999999999905
28 12.181544999999999845
30 12.244127999999999901
32 12.349745999999999668
34 12.363884999999999792
36 12.345496000000000691
38 12.271133999999999986
40 12.189382999999999413
42 12.102817999999999188
44 12.017272000000000176
46 11.924998000000000431
48 11.850953000000000515
50 11.772736999999999341
52 11.666829999999999146
54 11.605245000000000033
56 11.630286999999999153
58 11.614110999999999407
60 11.641809000000000296
62 11.644351999999999592
64 11.654431999999999903
66 11.648421000000000802
68 11.653093000000000146
