0 11.342610000000000525
2 11.356889000000000678
4 11.435325000000000628
6 11.493232000000000781
8 11.509947999999999624
10 11.575051999999999452
12 11.681414999999999438
14 11.84096800000000016
16 12.010604999999999976
18 12.223506999999999678
20 12.469588999999999146
22 12.670317000000000718
24 12.933752999999999389
26 13.121617999999999782
28 13.304982000000000752
30 13.550240000000000506
32 13.785463999999999274
34 13.932005999999999446
36 13.991478000000000748
38 13.980924999999999159
40 13.941067999999999572
42 13.882156000000000162
44 13.794712000000000529
46 13.730715999999999255
48 13.649198000000000164
50 13.555583000000000382
52 13.420369000000000881
54 13.333301000000000514
56 13.388149000000000299
58 13.348603000000000662
60 13.417251000000000261
62 13.414987999999999246
64 13.420750999999999209
66 13.407641999999999172
68 13.41522900000000007
