0 11.337450999999999723
2 11.33338499999999982
4 11.445427000000000461
6 11.525463000000000235
8 11.549136000000000735
10 11.621142000000000749
12 11.680478000000000804
14 11.743693999999999633
16 11.877893999999999508
18 11.96241500000000002
20 12.03187600000000046
22 12.142153000000000418
24 12.24799199999999999
26 12.360839000000000354
28 12.497455000000000425
30 12.627439999999999998
32 12.696699000000000623
34 12.76686399999999999
36 12.723248999999999143
38 12.711593999999999838
40 12.691617000000000814
42 12.672530999999999324
44 12.579294000000000864
46 12.557805999999999358
48 12.560397999999999286
50 12.555547000000000679
52 12.569812999999999903
54 12.553872999999999394
56 12.54981800000000014
58 12.571666999999999703
60 12.558426000000000755
62 12.574915999999999983
64 12.563575999999999411
66 12.574927000000000632
68 12.551939000000000846
