0 262.54349000000001979
2 262.33042799999998351
4 263.47086300000000847
6 266.56104199999998627
8 267.84777100000002292
10 268.52848099999999931
12 269.59446400000001631
14 271.03440899999998237
16 272.65980799999999817
18 274.26285599999999931
20 275.81851299999999583
22 277.010154
24 277.75573500000001559
26 278.40010999999998376
28 279.04070000000001528
30 279.94952999999998156
32 281.2347520000000145
34 282.57638700000001108
36 283.41123800000002575
38 283.90936699999997472
40 284.26427599999999529
42 284.37522200000000794
44 284.24051600000001372
46 283.9104239999999777
48 283.45768900000001622
50 282.92367100000001301
52 282.26611800000000585
54 281.49040500000000975
56 280.59866499999998268
58 279.66906799999998157
60 278.79129499999999098
62 277.95002599999997983
64 277.09965899999997418
66 276.26765899999998055
68 275.46519599999999173
