0 263.29524099999997588
2 262.97561200000001236
4 264.39893999999998186
6 266.75101399999999785
8 268.03174799999999323
10 270.41665999999997894
12 273.41706699999997454
14 276.98508800000001884
16 281.05749200000002475
18 285.04429499999997688
20 288.55827699999997549
22 291.57705299999997806
24 294.17336699999998473
26 296.63679200000001401
28 299.51389599999998836
30 302.95186899999998786
32 306.49692800000002535
34 309.87849199999999428
36 312.65775600000000622
38 314.9395799999999781
40 316.97271200000000135
42 318.95461599999998725
44 320.51821999999998525
46 321.70680199999998194
48 322.75321999999999889
50 323.60664200000002211
52 324.03971400000000358
54 324.00875899999999774
56 323.81286000000000058
58 323.55187999999998283
60 323.13447600000000648
62 322.61926199999999199
64 321.91125399999998535
66 321.22095100000001366
68 320.5015250000000151
