0 263.06567899999998872
2 262.95109800000000178
4 264.00073900000001004
6 266.98017299999997931
8 268.66038400000002184
10 271.07035899999999629
12 272.60013500000002296
14 274.51089500000000498
16 277.1788050000000112
18 278.76514600000001565
20 280.13848600000000033
22 281.79429699999997183
24 283.44049499999999853
26 285.20492400000000544
28 286.82075600000001714
30 288.30677700000001096
32 289.79131300000000238
34 291.22893699999997352
36 292.88647400000002108
38 294.37988500000000158
40 295.71284400000001824
42 296.99733400000002348
44 298.06301899999999705
46 298.89057200000002013
48 299.30548900000002277
50 299.37465600000001587
52 299.40450399999997444
54 299.29490700000002334
56 299.2620340000000283
58 299.04102999999997792
60 298.53882399999997688
62 298.09808399999997164
64 297.52810499999998228
66 297.00830999999999449
68 296.14153800000002548
