3.1363609999999999545
3.1431409999999999627
3.1581179999999999808
3.1725129999999999164
3.1989459999999998452
3.2076530000000000875
3.2227369999999999628
3.2446480000000001986
3.2686910000000000132
3.2868089999999998696
3.3024179999999998536
3.3054090000000000416
3.3094320000000001514
3.31876099999999985
3.3184149999999998926
3.3199179999999999247
3.325305999999999873
3.3267530000000000712
3.3288459999999999717
3.3302429999999998422
3.3287919999999999732
3.3284280000000001642
3.3279149999999999565
3.3324690000000001255
3.3316689999999997696
3.330820000000000114
3.3300010000000002108
3.3248169999999999114
3.3268339999999998469
3.3295180000000001996
3.3262330000000002173
3.3288489999999999469
3.328533000000000186
3.3277900000000002478
3.3272080000000001654
