0 3.1363609999999999545
2 3.1431409999999999627
4 3.1581179999999999808
6 3.1725129999999999164
8 3.1989459999999998452
10 3.2076530000000000875
12 3.2227369999999999628
14 3.2446480000000001986
16 3.2686910000000000132
18 3.2868089999999998696
20 3.3024179999999998536
22 3.3054090000000000416
24 3.3094320000000001514
26 3.31876099999999985
28 3.3184149999999998926
30 3.3199179999999999247
32 3.325305999999999873
34 3.3267530000000000712
36 3.3288459999999999717
38 3.3302429999999998422
40 3.3287919999999999732
42 3.3284280000000001642
44 3.3279149999999999565
46 3.3324690000000001255
48 3.3316689999999997696
50 3.330820000000000114
52 3.3300010000000002108
54 3.3248169999999999114
56 3.3268339999999998469
58 3.3295180000000001996
60 3.3262330000000002173
62 3.3288489999999999469
64 3.328533000000000186
66 3.3277900000000002478
68 3.3272080000000001654
