3.1312579999999998748
3.1336249999999998828
3.1457709999999998729
3.1544490000000000585
3.1726450000000001594
3.1819829999999997838
3.1993059999999999832
3.2025269999999999015
3.2161559999999997927
3.2223910000000000053
3.229200999999999766
3.2356810000000000294
3.2399839999999997531
3.2427290000000001946
3.2428970000000001406
3.2440549999999999109
3.2441529999999998424
3.2422070000000000611
3.2448730000000001183
3.2432530000000001635
3.2450120000000000076
3.2405179999999997875
3.2377150000000001207
3.2324500000000000455
3.2303760000000001362
3.2244120000000000559
3.2178050000000002484
3.218974000000000224
3.207675000000000054
3.1941470000000000695
3.1884670000000001622
3.1826690000000001923
3.1782259999999999955
3.1776189999999999714
3.1738599999999999035
