3.1431620000000002335
3.1457850000000000534
3.1742249999999998522
3.2002959999999998075
3.2281539999999999679
3.256308999999999898
3.2838680000000000092
3.3145959999999998757
3.3355480000000001795
3.3483909999999998952
3.3675619999999999443
3.3836589999999997502
3.3902350000000001096
3.406730000000000036
3.4121449999999997615
3.4188670000000001004
3.4200900000000000745
3.4242810000000001303
3.4245090000000000252
3.4265509999999999025
3.4248150000000001647
3.424046000000000145
3.4237130000000002283
3.4197869999999999102
3.4168789999999997775
3.4083220000000000738
3.4021759999999998669
3.3969009999999997262
3.3891569999999999752
3.3867430000000000589
3.3770699999999997942
3.3671649999999999636
3.3661229999999999762
3.3608590000000000408
3.3578869999999998441
