0 9.9999999999999995475e-07
2000 1.656573999999999991
4000 3.314334999999999809
6000 4.971553000000000111
8000 6.623725000000000307
10000 8.2846829999999993532
12000 9.9507949999999993906
14000 11.593690000000000495
16000 13.254747999999999308
18000 14.921468000000000842
20000 16.577600000000000335
22000 18.219974000000000558
24000 19.873104000000001435
26000 21.549492000000000758
28000 23.176133000000000095
30000 24.851745000000001085
32000 26.499217999999999051
34000 28.165103999999999473
36000 29.816767999999999716
38000 31.502099999999998658
40000 33.129733000000001653
42000 34.794226000000001875
44000 36.47328600000000165
46000 38.081110999999999933
48000 39.774217000000000155
50000 41.442472999999999672
