0 9.9999999999999995475e-07
2000 1.7128749999999999254
4000 3.4272529999999998829
6000 5.1439799999999999969
8000 6.8585539999999998173
10000 8.5658530000000006055
12000 10.281425999999999732
14000 11.98966000000000065
16000 13.706927000000000305
18000 15.428895999999999944
20000 17.138066999999999496
22000 18.851254000000000843
24000 20.559325000000001182
26000 22.279688000000000159
28000 23.978030000000000399
30000 25.702306000000000097
32000 27.423957000000001472
34000 29.125036999999998955
36000 30.835788999999998339
38000 32.550573999999997454
40000 34.299233999999998446
42000 35.985222999999997739
44000 37.697102999999998474
46000 39.416381000000001222
48000 41.12397200000000197
50000 42.814427999999999486
