0 9.9999999999999995475e-07
2000 1.70780299999999996
4000 3.417901000000000078
6000 5.1284780000000003142
8000 6.832502999999999993
10000 8.5510269999999994894
12000 10.254405000000000214
14000 11.954876000000000502
16000 13.660686999999999358
18000 15.379113999999999507
20000 17.083947999999999467
22000 18.784991000000001549
24000 20.503432000000000102
26000 22.229431999999999192
28000 23.919730000000001269
30000 25.612756999999998442
32000 27.334234999999999616
34000 29.030823999999999074
36000 30.732566999999999524
38000 32.460749999999997328
40000 34.161892999999999176
42000 35.87257900000000177
44000 37.594372999999997376
46000 39.266792000000002361
48000 40.991487999999996816
50000 42.729337999999998488
