0 283.66830700000002707
2 283.37140699999997651
4 281.64676100000002634
6 280.05913299999997434
8 280.82565299999998842
10 283.19573400000001584
12 286.25995199999999841
14 291.07926300000002584
16 295.91417599999999766
18 300.85379299999999603
20 304.59818899999999076
22 309.74074999999999136
24 312.42392799999998942
26 313.0716939999999795
28 313.29180100000002085
30 313.03185600000000477
32 313.37621300000000701
34 313.7314309999999864
36 314.10607399999997824
38 314.4611850000000004
40 314.73513400000001639
42 314.77639099999998962
44 314.71503200000000788
46 314.76344599999998763
48 314.62474800000001096
50 314.50747000000001208
52 314.48796800000002349
54 314.32464399999997795
56 314.20611000000002377
58 314.01201300000002448
60 313.81692299999997431
62 313.69452100000000883
64 313.45000199999998358
66 313.2662159999999858
68 313.10627499999998236
