0 283.81174499999997352
2 324.46219400000001087
4 287.97533700000002455
6 319.01191099999999778
8 301.34146099999998114
10 291.00141700000000355
12 293.44411700000000565
14 318.34585900000001857
16 334.4630690000000186
18 315.3940900000000056
20 327.86643299999997225
22 337.25086700000002793
24 342.22247700000002624
26 339.7459180000000174
28 340.37996500000002698
30 341.7742979999999875
32 335.51885600000002796
34 350.60279400000001715
36 348.403287999999975
38 339.89486699999997654
40 347.93380100000001676
42 343.61318099999999731
44 348.28786400000001322
46 346.48759599999999637
48 345.53911699999997609
50 342.03927599999997256
52 340.1672760000000153
54 341.37701900000001842
56 352.55049700000000712
58 343.61169300000000248
60 340.55029400000000805
62 337.37919799999997394
64 332.88638400000002093
66 342.47356899999999769
68 337.49263799999999947
