0 283.1697849999999903
2 282.9456260000000043
4 281.0322800000000143
6 278.47680500000001302
8 279.06367499999998927
10 280.72190699999998742
12 283.02605799999997771
14 285.92641500000001997
16 289.95358900000002222
18 292.71454199999999446
20 294.87778700000001209
22 296.08007199999997283
24 297.5377770000000055
26 297.90791699999999764
28 297.84287100000000237
30 297.74542800000000398
32 297.90654100000000426
34 298.63593800000001011
36 298.72127199999999903
38 298.81454000000002225
40 298.95632799999998497
42 298.96063700000001973
44 298.72689500000001317
46 298.56430799999998271
48 298.34436099999999215
50 298.12366300000002184
52 297.87749500000001035
54 297.35100099999999657
56 297.13353999999998223
58 296.79305499999998119
60 295.55572499999999536
62 292.88805899999999838
64 288.49423100000001341
66 285.19494400000002088
68 283.57186500000000251
