0 0
500 0.44559100000000001485
1000 0.8931909999999999572
1500 1.3412899999999998712
2000 1.7880810000000000315
2500 2.2368809999999998972
3000 2.6877789999999999182
3500 3.1298439999999998484
4000 3.5828180000000000582
4500 4.0290960000000000107
5000 4.477529999999999788
5500 4.9223829999999999529
6000 5.3744009999999997618
6500 5.8208390000000003184
7000 6.2650050000000003791
7500 6.7252330000000002386
8000 7.1692840000000002121
8500 7.608926999999999552
9000 8.0597799999999999443
9500 8.5055949999999995725
10000 8.9556459999999997734
10500 9.3996949999999994674
