0 0
500 0.42422700000000002074
1000 0.84987900000000005107
1500 1.274912999999999963
2000 1.6995819999999999261
2500 2.1267230000000001411
3000 2.551620999999999917
3500 2.9772359999999999935
4000 3.4011529999999998708
4500 3.8239700000000000912
5000 4.2521620000000002193
5500 4.6822249999999998593
6000 5.0981259999999997135
6500 5.5263429999999997833
7000 5.9509650000000000603
7500 6.3745529999999996917
8000 6.7995869999999998257
8500 7.225855000000000139
9000 7.6452090000000003656
9500 8.078433000000000419
10000 8.4995030000000006964
10500 8.920908000000000726
