0 9.9999999999999995475e-07
500 0.43713299999999999379
1000 0.8759700000000000264
1500 1.3135769999999999946
2000 1.7502949999999999342
2500 2.1874419999999998865
3000 2.6246000000000000441
3500 3.0616379999999998596
4000 3.5005470000000000752
4500 3.9372910000000000963
5000 4.3785800000000003607
5500 4.8116960000000004172
6000 5.256244999999999834
6500 5.696428000000000047
7000 6.1289689999999996672
7500 6.5700789999999997804
8000 7.0160119999999999152
8500 7.4388870000000002491
9000 7.8785189999999998278
9500 8.3205530000000003099
10000 8.7570029999999992043
10500 9.1921060000000007761
