0 9.9999999999999995475e-07
50 15.936662999999999357
100 31.875232000000000454
150 47.715786999999998841
200 63.327911000000000286
250 79.027169000000000665
300 94.766073000000005777
350 110.46251999999999782
400 126.1696720000000056
450 141.93027900000001296
500 157.63498100000001045
550 173.32680099999998902
600 189.10362599999999134
650 204.74114000000000146
700 220.47176099999998655
750 236.17778500000000008
800 251.91479100000000813
850 267.6279920000000061
900 283.37644699999998466
950 299.05573600000002443
