0 3.2826699999999999768
2 3.2861799999999998789
4 3.3064170000000001615
6 3.3182339999999999058
8 3.3372350000000001735
10 3.361418000000000017
12 3.3829639999999998601
14 3.4054600000000001536
16 3.4286669999999999092
18 3.4438589999999997815
20 3.453101000000000198
22 3.461644999999999861
24 3.4678620000000002221
26 3.4718749999999998224
28 3.475527000000000033
30 3.4777930000000001343
32 3.4801600000000001423
34 3.4789360000000000284
36 3.481831999999999816
38 3.4832290000000001307
40 3.4782329999999999082
42 3.4794789999999999885
44 3.4856210000000000804
46 3.4833129999999998816
48 3.4795379999999997978
50 3.4793180000000001328
52 3.4787439999999998363
54 3.4781450000000000422
56 3.4847450000000002035
58 3.4805500000000000327
60 3.4777240000000002595
62 3.4819339999999998625
64 3.477453999999999823
66 3.4804360000000000852
68 3.4782579999999998499
