0 3.2855550000000000033
2 3.2937409999999998078
4 3.3192659999999998277
6 3.3512949999999999129
8 3.3782109999999998529
10 3.4192840000000002121
12 3.4458239999999999981
14 3.4761269999999999669
16 3.4951959999999999695
18 3.5148450000000002191
20 3.5336389999999999745
22 3.5437279999999997671
24 3.5529350000000001764
26 3.5593729999999998981
28 3.5663890000000000313
30 3.5752820000000000711
32 3.5782840000000000202
34 3.5768309999999998716
36 3.5771980000000000999
38 3.5777450000000001751
40 3.5772370000000002221
42 3.576258000000000159
44 3.571359999999999868
46 3.566577999999999804
48 3.5605280000000001372
50 3.549350000000000005
52 3.5375440000000000218
54 3.5293839999999998547
56 3.517491999999999841
58 3.5079460000000000086
60 3.4974219999999998088
62 3.4947669999999999568
64 3.4859109999999997598
66 3.4789159999999998973
68 3.4771000000000000796
