0 3.2805249999999999133
2 3.2853099999999999525
4 3.2935850000000002069
6 3.3043010000000001547
8 3.3117420000000001856
10 3.3261530000000001372
12 3.3424000000000000377
14 3.3577430000000001442
16 3.3692340000000000622
18 3.3747099999999998765
20 3.3775979999999998782
22 3.3807360000000001854
24 3.3807380000000000209
26 3.3835069999999998203
28 3.3846210000000001017
30 3.3930810000000000137
32 3.3915000000000001812
34 3.3904360000000002273
36 3.393056000000000072
38 3.3915220000000001477
40 3.3890310000000001267
42 3.3861439999999998207
44 3.3853990000000000471
46 3.3796990000000000087
48 3.3715579999999998329
50 3.3599190000000001
52 3.3482229999999999492
54 3.3385090000000001709
56 3.3280560000000001253
58 3.3191389999999998395
60 3.3070180000000002352
62 3.3003379999999999939
64 3.2959010000000001916
66 3.2893360000000000376
68 3.2860949999999999882
