0 0
2000 1.7890730000000001354
4000 3.5816170000000000506
6000 5.3725370000000003401
8000 7.1631470000000003751
10000 8.9507680000000000575
12000 10.746235999999999677
14000 12.533511000000000735
16000 14.334269000000000815
18000 16.119102999999999071
20000 17.931788000000000949
22000 19.706237000000001558
24000 21.486349000000000586
26000 23.276531999999999556
28000 25.062212999999999852
30000 26.880248000000001696
32000 28.652902999999998457
34000 30.420756000000000796
36000 32.216411000000000797
38000 33.996940000000002158
40000 35.789659000000000333
42000 37.585791000000000395
44000 39.387355999999996925
46000 41.205691999999999098
48000 42.979782000000000153
50000 44.741898999999996533
