0 0
2000 1.7502310000000000922
4000 3.504054000000000002
6000 5.2589259999999997675
8000 7.0090310000000002333
10000 8.7571729999999998739
12000 10.519061000000000661
14000 12.256626999999999938
16000 14.00075099999999928
18000 15.747640000000000526
20000 17.520444999999998714
22000 19.273267000000000593
24000 21.00557500000000033
26000 22.755427999999998434
28000 24.51574499999999901
30000 26.269086000000001491
32000 28.039981000000000932
34000 29.759958999999998497
36000 31.517278000000001015
38000 33.251142999999999006
40000 34.988889999999997826
42000 36.757142999999999233
44000 38.5364190000000022
46000 40.262439999999998008
48000 42.030825000000000102
50000 43.796253999999997575
