0 0
2000 1.6996890000000000054
4000 3.4038300000000001333
6000 5.1007080000000000197
8000 6.8037530000000003838
10000 8.5036419999999992569
12000 10.201290000000000191
14000 11.895867000000000857
16000 13.602325999999999695
18000 15.307745999999999853
20000 17.005257000000000289
22000 18.694120000000001625
24000 20.38345199999999835
26000 22.127871999999999986
28000 23.802548999999999069
30000 25.530294999999998851
32000 27.201637999999999096
34000 28.887872000000001549
36000 30.573387000000000313
38000 32.284008000000000038
40000 33.963447999999999638
42000 35.652467000000001462
44000 37.382472999999997398
46000 39.157324000000002684
48000 40.77516700000000327
50000 42.49343600000000265
