0 274.08418100000000095
2 299.51159699999999475
4 276.0492980000000216
6 295.10206399999998439
8 282.98525699999999006
10 276.56075600000002623
12 278.10029800000000932
14 294.02891699999997854
16 304.53596599999997352
18 290.95936399999999367
20 298.88247200000000703
22 304.68238600000000815
24 308.69769100000002027
26 306.37549999999998818
28 307.71588300000001936
30 309.08436899999998104
32 304.75695999999999231
34 315.89286399999997457
36 314.33570099999997183
38 308.0317929999999933
40 313.8733710000000201
42 310.73492700000002742
44 313.80716100000000779
46 312.549837000000025
48 311.68580700000001116
50 309.02040399999998499
52 307.48537399999997888
54 308.3700240000000008
56 316.61444199999999682
58 310.07790399999998954
60 307.50199099999997543
62 304.96321100000000115
64 300.96458499999999958
66 308.30028499999997393
68 304.1951310000000035
