0 273.6591900000000237
2 273.61547200000001112
4 271.91591899999997395
6 268.55061299999999846
8 268.11553700000001754
10 269.31824599999998782
12 270.96741900000000669
14 272.88524100000000772
16 275.56879099999997607
18 277.17101999999999862
20 278.54681599999997843
22 279.48096600000002354
24 280.47949799999997822
26 280.8739360000000147
28 281.03350199999999859
30 280.91503099999999904
32 280.99934400000000778
34 281.42730999999997721
36 281.55310100000002649
38 281.41768500000000586
40 281.68515600000000632
42 281.37930699999998296
44 281.2918109999999956
46 281.16843699999998307
48 281.08824700000002395
50 280.65154599999999618
52 280.60448100000002114
54 280.02033499999998867
56 279.82577600000001894
58 279.53990399999997862
60 278.60845000000000482
62 276.18125700000001643
64 272.02300000000002456
66 269.01605100000000448
68 267.44314200000002302
