0 274.29666900000000851
2 274.04107199999998556
4 272.59324600000002192
6 270.09711700000002566
8 269.74960599999997157
10 271.31046600000001945
12 273.81143800000000965
14 278.31411000000002787
16 281.19630300000000034
18 285.35243900000000394
20 288.67494299999998475
22 293.31861199999997325
24 295.67674899999997251
26 295.96697599999998829
28 296.28131799999999885
30 296.35981399999997166
32 296.62151499999998805
34 296.89175399999999172
36 297.20936199999999872
38 297.29416600000001836
40 297.32137999999997646
42 297.4349369999999908
44 297.47495099999997592
46 297.53512899999998353
48 297.63621499999999287
50 297.62906400000002805
52 297.58765299999998888
54 297.54975799999999708
56 297.4415000000000191
58 297.37553200000002107
60 297.33315399999997908
62 297.26949899999999616
64 297.06976200000002564
66 296.97560199999998076
68 296.92406899999997449
