0 11.311987000000000236
2 11.330745000000000289
4 11.423332999999999515
6 11.507239999999999469
8 11.506011000000000877
10 11.535062999999999178
12 11.563959999999999795
14 11.621681999999999846
16 11.700912000000000646
18 11.766816000000000386
20 11.862702000000000524
22 11.915283999999999764
24 11.951038999999999746
26 11.970145000000000479
28 12.004015000000000768
30 12.059279999999999333
32 12.177348999999999535
34 12.250021000000000271
36 12.274364000000000274
38 12.279992000000000019
40 12.266206000000000387
42 12.210855000000000459
44 12.136056999999999206
46 12.0773419999999998
48 12.010049000000000419
50 11.939640000000000697
52 11.883254000000000872
54 11.831535999999999831
56 11.765859000000000734
58 11.698892999999999986
60 11.652430000000000732
62 11.64511300000000027
64 11.613274999999999793
66 11.597739000000000686
68 11.640237000000000833
