0 11.338445000000000107
2 11.34439700000000073
4 11.443037999999999599
6 11.520073000000000008
8 11.557266999999999513
10 11.630874000000000379
12 11.68566900000000075
14 11.769050999999999263
16 11.873167000000000471
18 11.935755000000000337
20 11.98190199999999983
22 12.058697999999999695
24 12.139101999999999393
26 12.22373100000000079
28 12.318564999999999543
30 12.416268999999999778
32 12.499252999999999503
34 12.613061000000000078
36 12.711028999999999911
38 12.732084000000000401
40 12.733701999999999188
42 12.726157999999999859
44 12.722243000000000634
46 12.694231999999999516
48 12.643836000000000297
50 12.620091000000000392
52 12.630148999999999404
54 12.610098000000000695
56 12.612892999999999688
58 12.624605000000000743
60 12.605408000000000612
62 12.626219000000000747
64 12.606289999999999552
66 12.609432999999999225
68 12.596052000000000248
