0 11.331746000000000762
2 11.334728000000000137
4 11.41738900000000001
6 11.486413999999999902
8 11.513192999999999344
10 11.581920000000000215
12 11.678653999999999868
14 11.823119999999999408
16 11.981251000000000317
18 12.157135999999999498
20 12.345459999999999212
22 12.505428999999999462
24 12.644028000000000489
26 12.733883999999999759
28 12.863324999999999676
30 13.079675999999999192
32 13.352316000000000074
34 13.552930999999999173
36 13.708586000000000382
38 13.818163000000000196
40 13.882460000000000022
42 13.880214999999999748
44 13.86433099999999996
46 13.839651999999999177
48 13.795821999999999363
50 13.73144100000000023
52 13.688888000000000389
54 13.6356509999999993
56 13.550088000000000577
58 13.479929000000000272
60 13.419195000000000206
62 13.40656099999999995
64 13.360054999999999126
66 13.34836499999999937
68 13.403821000000000652
