3.2874170000000000336
3.3008700000000001928
3.3608570000000002054
3.4237630000000001118
3.4809290000000001619
3.5365619999999999834
3.5720760000000000289
3.5802700000000000635
3.5816550000000000331
3.5843249999999997613
3.5818159999999998888
3.5798700000000001076
3.5833249999999998714
3.5788090000000001289
3.5556220000000000603
3.5137169999999997572
3.4800740000000001118
3.4763389999999998459
3.4723869999999998903
3.4725909999999999833
3.4743439999999998768
3.4737279999999999269
3.4715959999999999042
3.4746060000000000834
3.471401000000000181
3.4716759999999999842
3.4714149999999999174
3.4724200000000000621
3.46891000000000016
3.4715030000000002275
3.4772449999999999193
3.4730140000000000455
3.4696350000000002467
3.4752689999999999415
3.4696869999999999656
