3.2823570000000001912
3.918509999999998605
3.274550000000000516
3.672050000000002257
3.3957920000000001437
3.4287529999999999397
3.4499770000000000714
3.457555000000000156
3.4987070000000000114
3.5018129999999998425
3.4998469999999999303
3.502426999999999957
3.508604000000000056
3.5039820000000001521
3.5006690000000002527
3.4996040000000001591
3.5036740000000001771
3.49976799999999999
3.4959630000000001537
3.497940999999999967
3.5011160000000001169
3.4998089999999999478
3.4994320000000000981
3.5004949999999999122
3.500036000000000147
3.4989770000000000039
3.4973719999999999253
3.4982160000000002142
3.5001410000000001688
3.4973299999999998278
3.5008539999999999104
3.4992239999999998901
3.4987449999999999939
3.4976760000000002293
3.4964969999999997441
