3.2766049999999999898
3.2900650000000002393
3.3100309999999999455
3.3316249999999998366
3.3503519999999999968
3.3744369999999999088
3.3883369999999999322
3.3963450000000001694
3.4000989999999999824
3.3973770000000000913
3.3959589999999999499
3.4026380000000000514
3.4042529999999997514
3.397305999999999937
3.366372000000000142
3.3265929999999999112
3.2911169999999998481
3.2884669999999998069
3.2844780000000000086
3.2894470000000000098
3.2904960000000000875
3.2847659999999998526
3.2871660000000000323
3.2880449999999998845
3.2868200000000000749
3.2854470000000000063
3.2868309999999998361
3.2875730000000000786
3.2871969999999999246
3.2910550000000000637
3.2922890000000002431
3.2872129999999999406
3.2846560000000000201
3.2872140000000000803
3.2885219999999999452
