50 16.359485997701995075
100 -7.4322187756188213825
150 -7.8846262944862246513
200 -8.410022592986933887
250 -8.3952240061480551958
300 -8.5449740440817549825
350 -8.5412646388867869973
400 -8.5927681723842397332
450 -8.6005671712919138372
500 -8.6228064295137301087
550 -8.6305272126337513328
600 -8.6375281402142718434
700 -8.6556221811333671212
750 -8.6449648014968261123
800 -8.655200797482393682
850 -8.6535614264430478215
900 -8.6618136141914874315
950 -8.6559143898775801063
1000 -8.6623879785183817148
1050 -8.659789408789947629
1100 -8.6645865576574578881
1150 -8.6624503001803532243
1200 -8.6649795521516352892
1250 -8.665950362803414464
1300 -8.6655344825703650713
1350 -8.6666357202921062708
1400 -8.6678854817291721702
1450 -8.6674055156763643026
1500 -8.6679223444079980254
1550 -8.6688483151374384761
1600 -8.6693106136517599225
1650 -8.669696189695969224
1700 -8.6698288378538563848
1750 -8.6701773907989263535
1800 -8.6703681352082639933
1850 -8.6704047361854463816
1900 -8.6705661363666877151
1950 -8.6708331526024267077
